<?xml version="1.0" encoding="UTF-8"?>
<testsuite xmlns:xsi="http://www.w3.org/2001/XMLSchema-instance" xsi:noNamespaceSchemaLocation="https://maven.apache.org/surefire/maven-surefire-plugin/xsd/surefire-test-report-3.0.xsd" version="3.0" name="com.nderitu.ecommerce.EcommerceApplicationTests" time="5.49" tests="1" errors="0" skipped="0" failures="0">
  <properties>
[...]
</properties>
  <testcase name="contextLoads" classname="com.nderitu.ecommerce.EcommerceApplicationTests" time="1.898">
    <system-out><![CDATA[07:49:04.405 [main] INFO org.springframework.test.context.support.AnnotationConfigContextLoaderUtils -- Could not detect default configuration classes for test class [com.nderitu.ecommerce.EcommerceApplicationTests]: EcommerceApplicationTests does not declare any static, non-private, non-final, nested classes annotated with @Configuration.
07:49:04.569 [main] INFO org.springframework.boot.test.context.SpringBootTestContextBootstrapper -- Found @SpringBootConfiguration com.nderitu.ecommerce.EcommerceApplication for test class com.nderitu.ecommerce.EcommerceApplicationTests

  .   ____          _            __ _ _
 /\\ / ___'_ __ _ _(_)_ __  __ _ \ \ \ \
( ( )\___ | '_ | '_| | '_ \/ _` | \ \ \ \
 \\/  ___)| |_)| | | | | || (_| |  ) ) ) )
  '  |____| .__|_| |_|_| |_\__, | / / / /
 =========|_|==============|___/=/_/_/_/
 :: Spring Boot ::                (v3.2.2)

2024-02-14T07:49:05.271+03:00  INFO 60404 --- [           main] c.n.ecommerce.EcommerceApplicationTests  : Starting EcommerceApplicationTests using Java 17.0.9 with PID 60404 (started by denniskali in /home/denniskali/IdeaProjects/Springboot/ecommerce)
2024-02-14T07:49:05.275+03:00  INFO 60404 --- [           main] c.n.ecommerce.EcommerceApplicationTests  : No active profile set, falling back to 1 default profile: "default"
2024-02-14T07:49:07.343+03:00  WARN 60404 --- [           main] .s.s.UserDetailsServiceAutoConfiguration : 

Using generated security password: b5919e39-12ff-42a8-83c7-4606f1555a15

This generated password is for development use only. Your security configuration must be updated before running your application in production.

2024-02-14T07:49:07.551+03:00  INFO 60404 --- [           main] o.s.s.web.DefaultSecurityFilterChain     : Will secure any request with [org.springframework.security.web.session.DisableEncodeUrlFilter@66813e6e, org.springframework.security.web.context.request.async.WebAsyncManagerIntegrationFilter@dab1f89, org.springframework.security.web.context.SecurityContextHolderFilter@1e79d43, org.springframework.security.web.header.HeaderWriterFilter@af7e376, org.springframework.web.filter.CorsFilter@3a17b2e3, org.springframework.security.web.csrf.CsrfFilter@46046c06, org.springframework.security.web.authentication.logout.LogoutFilter@1727e03a, org.springframework.security.web.authentication.UsernamePasswordAuthenticationFilter@485caa8f, org.springframework.security.web.authentication.ui.DefaultLoginPageGeneratingFilter@f29353f, org.springframework.security.web.authentication.ui.DefaultLogoutPageGeneratingFilter@5e13f156, org.springframework.security.web.authentication.www.BasicAuthenticationFilter@76e3b45b, org.springframework.security.web.savedrequest.RequestCacheAwareFilter@1a07bf6, org.springframework.security.web.servletapi.SecurityContextHolderAwareRequestFilter@4c0e426a, org.springframework.security.web.authentication.AnonymousAuthenticationFilter@310ed6b4, org.springframework.security.web.access.ExceptionTranslationFilter@427a12b6, org.springframework.security.web.access.intercept.AuthorizationFilter@20ab76ee]
2024-02-14T07:49:07.671+03:00  INFO 60404 --- [           main] c.n.ecommerce.EcommerceApplicationTests  : Started EcommerceApplicationTests in 2.84 seconds (process running for 4.41)
]]></system-out>
  </testcase>
</testsuite>